[debug] [2021-02-25T01:34:12.590Z] ----------------------------------------------------------------------
[debug] [2021-02-25T01:34:12.592Z] Command:       C:\Program Files\nodejs\node.exe C:\Users\jdgam\AppData\Roaming\npm\node_modules\firebase-tools\lib\bin\firebase.js init
[debug] [2021-02-25T01:34:12.592Z] CLI Version:   9.4.0
[debug] [2021-02-25T01:34:12.592Z] Platform:      win32
[debug] [2021-02-25T01:34:12.592Z] Node Version:  v14.15.1
[debug] [2021-02-25T01:34:12.593Z] Time:          Wed Feb 24 2021 19:34:12 GMT-0600 (Central Standard Time)
[debug] [2021-02-25T01:34:12.593Z] ----------------------------------------------------------------------
[debug] [2021-02-25T01:34:12.593Z] 
[debug] [2021-02-25T01:34:12.595Z] >>> [apiv2][query] GET https://firebase-public.firebaseio.com/cli.json [none]
[debug] [2021-02-25T01:34:12.609Z] > command requires scopes: ["email","openid","https://www.googleapis.com/auth/cloudplatformprojects.readonly","https://www.googleapis.com/auth/firebase","https://www.googleapis.com/auth/cloud-platform"]
[debug] [2021-02-25T01:34:12.609Z] > authorizing via signed-in user
[info] 
     ######## #### ########  ######## ########     ###     ######  ########
     ##        ##  ##     ## ##       ##     ##  ##   ##  ##       ##
     ######    ##  ########  ######   ########  #########  ######  ######
     ##        ##  ##    ##  ##       ##     ## ##     ##       ## ##
     ##       #### ##     ## ######## ########  ##     ##  ######  ########

You're about to initialize a Firebase project in this directory:

  C:\web projects\angular-fire-dgraph

Before we get started, keep in mind:

  * You are currently outside your home directory
  * You are initializing in an existing Firebase project directory

[debug] [2021-02-25T01:34:12.853Z] <<< [apiv2][status] GET https://firebase-public.firebaseio.com/cli.json 200
[debug] [2021-02-25T01:34:12.854Z] <<< [apiv2][body] GET https://firebase-public.firebaseio.com/cli.json {"cloudBuildErrorAfter":1594252800000,"cloudBuildWarnAfter":1590019200000,"defaultNode10After":1594252800000,"minVersion":"3.0.5","node8DeploysDisabledAfter":1613390400000,"node8RuntimeDisabledAfter":1615809600000,"node8WarnAfter":1600128000000}
